[0530/235735.119:ERROR:process_reader_win.cc(123)] NtOpenThread: {Отказ доступа} Процесс запросил доступ к объекту, однако права доступа не предоставлены. (0xc0000022)
[0530/235735.122:ERROR:exception_snapshot_win.cc(98)] thread ID 6208 not found in process
[0530/235735.199:ERROR:process_reader_win.cc(123)] NtOpenThread: {Отказ доступа} Процесс запросил доступ к объекту, однако права доступа не предоставлены. (0xc0000022)
[0530/235735.199:ERROR:exception_snapshot_win.cc(98)] thread ID 8516 not found in process
[0530/235735.063:ERROR:scoped_process_suspend.cc(31)] NtSuspendProcess: Попытка доступа к процессу, выполняющему процедуру завершения. (0xc000010a)
[0530/235735.362:ERROR:process_info.cc(118)] ReadProcessMemory bool __cdecl crashpad::(anonymous namespace)::ReadStruct(HANDLE, crashpad::WinVMAddress, T *) [T = crashpad::process_types::PEB<crashpad::process_types::internal::Traits64>]: Запрос ReadProcessMemory или WriteProcessMemory был выполнен только частично. (0x12B)
[0530/235735.362:ERROR:process_info.cc(551)] ReadProcessData failed
[0530/235807.479:ERROR:process_reader_win.cc(123)] NtOpenThread: {Отказ доступа} Процесс запросил доступ к объекту, однако права доступа не предоставлены. (0xc0000022)
[0530/235807.564:ERROR:exception_snapshot_win.cc(98)] thread ID 5912 not found in process
[0530/235807.619:ERROR:process_reader_win.cc(123)] NtOpenThread: {Отказ доступа} Процесс запросил доступ к объекту, однако права доступа не предоставлены. (0xc0000022)
[0530/235807.619:ERROR:exception_snapshot_win.cc(98)] thread ID 3120 not found in process
[0530/235807.629:ERROR:process_reader_win.cc(123)] NtOpenThread: {Отказ доступа} Процесс запросил доступ к объекту, однако права доступа не предоставлены. (0xc0000022)
[0530/235807.629:ERROR:exception_snapshot_win.cc(98)] thread ID 4208 not found in process
[0531/001852.102:ERROR:process_reader_win.cc(123)] NtOpenThread: {Отказ доступа} Процесс запросил доступ к объекту, однако права доступа не предоставлены. (0xc0000022)
[0531/001852.105:ERROR:exception_snapshot_win.cc(98)] thread ID 8812 not found in process
[0531/001852.172:ERROR:process_reader_win.cc(123)] NtOpenThread: {Отказ доступа} Процесс запросил доступ к объекту, однако права доступа не предоставлены. (0xc0000022)
[0531/001852.172:ERROR:exception_snapshot_win.cc(98)] thread ID 7956 not found in process
[0531/001852.234:ERROR:process_reader_win.cc(123)] NtOpenThread: {Отказ доступа} Процесс запросил доступ к объекту, однако права доступа не предоставлены. (0xc0000022)
[0531/001852.234:ERROR:exception_snapshot_win.cc(98)] thread ID 7988 not found in process
[0531/001852.283:ERROR:process_reader_win.cc(123)] NtOpenThread: {Отказ доступа} Процесс запросил доступ к объекту, однако права доступа не предоставлены. (0xc0000022)
[0531/001852.283:ERROR:exception_snapshot_win.cc(98)] thread ID 7768 not found in process
[0531/001852.325:ERROR:process_reader_win.cc(123)] NtOpenThread: {Отказ доступа} Процесс запросил доступ к объекту, однако права доступа не предоставлены. (0xc0000022)
[0531/001852.326:ERROR:exception_snapshot_win.cc(98)] thread ID 3836 not found in process
[0531/002536.523:ERROR:process_reader_win.cc(123)] NtOpenThread: {Отказ доступа} Процесс запросил доступ к объекту, однако права доступа не предоставлены. (0xc0000022)
[0531/002536.524:ERROR:exception_snapshot_win.cc(98)] thread ID 2556 not found in process
[0531/002536.568:ERROR:process_reader_win.cc(123)] NtOpenThread: {Отказ доступа} Процесс запросил доступ к объекту, однако права доступа не предоставлены. (0xc0000022)
[0531/002536.568:ERROR:exception_snapshot_win.cc(98)] thread ID 7748 not found in process
[0531/002536.673:ERROR:scoped_process_suspend.cc(31)] NtSuspendProcess: Попытка доступа к процессу, выполняющему процедуру завершения. (0xc000010a)
[0531/002536.673:ERROR:process_info.cc(118)] ReadProcessMemory bool __cdecl crashpad::(anonymous namespace)::ReadStruct(HANDLE, crashpad::WinVMAddress, T *) [T = crashpad::process_types::PEB<crashpad::process_types::internal::Traits64>]: Запрос ReadProcessMemory или WriteProcessMemory был выполнен только частично. (0x12B)
[0531/002536.673:ERROR:process_info.cc(551)] ReadProcessData failed
[0531/002536.677:ERROR:process_info.cc(329)] VirtualQueryEx: Отказано в доступе. (0x5)
[0531/002536.677:ERROR:process_info.cc(556)] ReadMemoryInfo failed
[0531/002536.677:ERROR:process_memory_win.cc(39)] Failed to initialize ProcessInfo.
[0531/002536.677:ERROR:scoped_process_suspend.cc(40)] NtResumeProcess: Попытка доступа к процессу, выполняющему процедуру завершения. (0xc000010a)
[0531/002536.677:ERROR:scoped_process_suspend.cc(31)] NtSuspendProcess: Попытка доступа к процессу, выполняющему процедуру завершения. (0xc000010a)
[0531/002536.678:ERROR:process_info.cc(118)] ReadProcessMemory bool __cdecl crashpad::(anonymous namespace)::ReadStruct(HANDLE, crashpad::WinVMAddress, T *) [T = crashpad::process_types::PEB<crashpad::process_types::internal::Traits64>]: Запрос ReadProcessMemory или WriteProcessMemory был выполнен только частично. (0x12B)
[0531/002536.678:ERROR:process_info.cc(551)] ReadProcessData failed
[0531/004840.194:ERROR:process_reader_win.cc(123)] NtOpenThread: {Отказ доступа} Процесс запросил доступ к объекту, однако права доступа не предоставлены. (0xc0000022)
[0531/004840.195:ERROR:exception_snapshot_win.cc(98)] thread ID 9236 not found in process
[0531/004840.233:ERROR:process_reader_win.cc(151)] SuspendThread: Отказано в доступе. (0x5)
[0531/004840.234:ERROR:process_reader_win.cc(151)] SuspendThread: Отказано в доступе. (0x5)
[0531/004840.234:ERROR:process_reader_win.cc(151)] SuspendThread: Отказано в доступе. (0x5)
[0531/004840.234:ERROR:process_reader_win.cc(151)] SuspendThread: Отказано в доступе. (0x5)
[0531/004840.234:ERROR:process_reader_win.cc(151)] SuspendThread: Отказано в доступе. (0x5)
[0531/004840.234:ERROR:process_reader_win.cc(151)] SuspendThread: Отказано в доступе. (0x5)
[0531/004840.234:ERROR:process_reader_win.cc(151)] SuspendThread: Отказано в доступе. (0x5)
[0531/004840.234:ERROR:process_reader_win.cc(123)] NtOpenThread: {Отказ доступа} Процесс запросил доступ к объекту, однако права доступа не предоставлены. (0xc0000022)
[0531/004840.234:ERROR:exception_snapshot_win.cc(98)] thread ID 5884 not found in process
[0531/004840.278:ERROR:process_reader_win.cc(151)] SuspendThread: Отказано в доступе. (0x5)
[0531/004840.278:ERROR:process_reader_win.cc(123)] NtOpenThread: {Отказ доступа} Процесс запросил доступ к объекту, однако права доступа не предоставлены. (0xc0000022)
[0531/004840.278:ERROR:exception_snapshot_win.cc(98)] thread ID 8008 not found in process
[0531/004840.320:ERROR:process_reader_win.cc(123)] NtOpenThread: {Отказ доступа} Процесс запросил доступ к объекту, однако права доступа не предоставлены. (0xc0000022)
[0531/004840.320:ERROR:exception_snapshot_win.cc(98)] thread ID 6628 not found in process
[0531/004840.354:ERROR:process_reader_win.cc(123)] NtOpenThread: {Отказ доступа} Процесс запросил доступ к объекту, однако права доступа не предоставлены. (0xc0000022)
[0531/004840.354:ERROR:exception_snapshot_win.cc(98)] thread ID 3508 not found in process
[0531/230449.770:ERROR:process_reader_win.cc(123)] NtOpenThread: {Отказ доступа} Процесс запросил доступ к объекту, однако права доступа не предоставлены. (0xc0000022)
[0531/230449.988:ERROR:exception_snapshot_win.cc(98)] thread ID 6380 not found in process
[0531/230449.879:ERROR:process_reader_win.cc(123)] NtOpenThread: {Отказ доступа} Процесс запросил доступ к объекту, однако права доступа не предоставлены. (0xc0000022)
[0531/230449.988:ERROR:exception_snapshot_win.cc(98)] thread ID 5972 not found in process
[0531/230449.988:ERROR:process_reader_win.cc(123)] NtOpenThread: {Отказ доступа} Процесс запросил доступ к объекту, однако права доступа не предоставлены. (0xc0000022)
[0531/230449.988:ERROR:exception_snapshot_win.cc(98)] thread ID 7616 not found in process
[0531/230449.817:ERROR:process_reader_win.cc(123)] NtOpenThread: {Отказ доступа} Процесс запросил доступ к объекту, однако права доступа не предоставлены. (0xc0000022)
[0531/230450.066:ERROR:exception_snapshot_win.cc(98)] thread ID 5076 not found in process
[0531/230449.926:ERROR:process_reader_win.cc(123)] NtOpenThread: {Отказ доступа} Процесс запросил доступ к объекту, однако права доступа не предоставлены. (0xc0000022)
[0531/230450.066:ERROR:exception_snapshot_win.cc(98)] thread ID 5388 not found in process
[0531/230450.097:ERROR:process_reader_win.cc(123)] NtOpenThread: {Отказ доступа} Процесс запросил доступ к объекту, однако права доступа не предоставлены. (0xc0000022)
[0531/230450.097:ERROR:exception_snapshot_win.cc(98)] thread ID 8384 not found in process
